0 info it worked if it ends with ok
1 verbose cli [ '/usr/local/bin/node',
1 verbose cli   '/usr/local/bin/npm',
1 verbose cli   'install',
1 verbose cli   '-g',
1 verbose cli   'gulp' ]
2 info using npm@2.11.3
3 info using node@v0.12.7
4 verbose install initial load of /usr/local/lib/package.json
5 verbose readDependencies loading dependencies from /usr/local/lib/package.json
6 silly cache add args [ 'gulp', null ]
7 verbose cache add spec gulp
8 silly cache add parsed spec { raw: 'gulp',
8 silly cache add   scope: null,
8 silly cache add   name: 'gulp',
8 silly cache add   rawSpec: '',
8 silly cache add   spec: '*',
8 silly cache add   type: 'range' }
9 silly addNamed gulp@*
10 verbose addNamed "*" is a valid semver range for gulp
11 silly addNameRange { name: 'gulp', range: '*', hasData: false }
12 silly mapToRegistry name gulp
13 silly mapToRegistry using default registry
14 silly mapToRegistry registry https://registry.npmjs.org/
15 silly mapToRegistry uri https://registry.npmjs.org/gulp
16 verbose addNameRange registry:https://registry.npmjs.org/gulp not in flight; fetching
17 verbose request uri https://registry.npmjs.org/gulp
18 verbose request no auth needed
19 info attempt registry request try #1 at 7:51:34 PM
20 verbose request id 60936721e7fdaa24
21 http request GET https://registry.npmjs.org/gulp
22 http 200 https://registry.npmjs.org/gulp
23 silly get cb [ 200,
23 silly get   { server: 'CouchDB/1.5.0 (Erlang OTP/R16B03)',
23 silly get     etag: '"1GSZCKNR5K34T7C9HEMDYX7UG"',
23 silly get     'content-type': 'application/json',
23 silly get     'cache-control': 'max-age=60',
23 silly get     'content-length': '105660',
23 silly get     'accept-ranges': 'bytes',
23 silly get     date: 'Wed, 26 Aug 2015 19:51:35 GMT',
23 silly get     via: '1.1 varnish',
23 silly get     age: '39',
23 silly get     connection: 'keep-alive',
23 silly get     'x-served-by': 'cache-ord1733-ORD',
23 silly get     'x-cache': 'HIT',
23 silly get     'x-cache-hits': '1',
23 silly get     'x-timer': 'S1440618695.960033,VS0,VE0',
23 silly get     vary: 'Accept' } ]
24 verbose get saving gulp to /home/vagrant/.npm/registry.npmjs.org/gulp/.cache.json
25 silly addNameRange number 2 { name: 'gulp', range: '*', hasData: true }
26 silly addNameRange versions [ 'gulp',
26 silly addNameRange   [ '0.0.1',
26 silly addNameRange     '0.0.2',
26 silly addNameRange     '0.0.3',
26 silly addNameRange     '0.0.4',
26 silly addNameRange     '0.0.5',
26 silly addNameRange     '0.0.7',
26 silly addNameRange     '0.0.8',
26 silly addNameRange     '0.0.9',
26 silly addNameRange     '0.1.0',
26 silly addNameRange     '0.2.0',
26 silly addNameRange     '1.0.0',
26 silly addNameRange     '1.1.0',
26 silly addNameRange     '1.2.0',
26 silly addNameRange     '1.2.1',
26 silly addNameRange     '2.0.0',
26 silly addNameRange     '2.0.1',
26 silly addNameRange     '2.1.0',
26 silly addNameRange     '2.2.0',
26 silly addNameRange     '2.3.0',
26 silly addNameRange     '2.4.0',
26 silly addNameRange     '2.4.1',
26 silly addNameRange     '2.6.0',
26 silly addNameRange     '2.6.1',
26 silly addNameRange     '2.7.0',
26 silly addNameRange     '3.0.0',
26 silly addNameRange     '3.1.1',
26 silly addNameRange     '3.1.2',
26 silly addNameRange     '3.1.3',
26 silly addNameRange     '3.1.4',
26 silly addNameRange     '3.2.0',
26 silly addNameRange     '3.2.1',
26 silly addNameRange     '3.2.2',
26 silly addNameRange     '3.2.3',
26 silly addNameRange     '3.2.4',
26 silly addNameRange     '3.2.5',
26 silly addNameRange     '3.3.0',
26 silly addNameRange     '3.3.1',
26 silly addNameRange     '3.3.2',
26 silly addNameRange     '3.3.4',
26 silly addNameRange     '3.4.0',
26 silly addNameRange     '3.5.0',
26 silly addNameRange     '3.5.1',
26 silly addNameRange     '3.5.2',
26 silly addNameRange     '3.5.5',
26 silly addNameRange     '3.5.6',
26 silly addNameRange     '3.6.0',
26 silly addNameRange     '3.6.1',
26 silly addNameRange     '3.6.2',
26 silly addNameRange     '3.7.0',
26 silly addNameRange     '3.8.0',
26 silly addNameRange     '3.8.1',
26 silly addNameRange     '3.8.2',
26 silly addNameRange     '3.8.3',
26 silly addNameRange     '3.8.4',
26 silly addNameRange     '3.8.5',
26 silly addNameRange     '3.8.6',
26 silly addNameRange     '3.8.7',
26 silly addNameRange     '3.8.8',
26 silly addNameRange     '3.8.9',
26 silly addNameRange     '3.8.10',
26 silly addNameRange     '3.8.11',
26 silly addNameRange     '3.9.0' ] ]
27 silly addNamed gulp@3.9.0
28 verbose addNamed "3.9.0" is a plain semver version for gulp
29 silly mapToRegistry name gulp
30 silly mapToRegistry using default registry
31 silly mapToRegistry registry https://registry.npmjs.org/
32 silly mapToRegistry uri https://registry.npmjs.org/gulp
33 verbose addRemoteTarball https://registry.npmjs.org/gulp/-/gulp-3.9.0.tgz not in flight; adding
34 verbose addRemoteTarball [ 'https://registry.npmjs.org/gulp/-/gulp-3.9.0.tgz',
34 verbose addRemoteTarball   'cf1fba4cb558bb8c6ae6c9613f583ae2620d214a' ]
35 info retry fetch attempt 1 at 7:51:34 PM
36 info attempt registry request try #1 at 7:51:34 PM
37 http fetch GET https://registry.npmjs.org/gulp/-/gulp-3.9.0.tgz
38 http fetch 200 https://registry.npmjs.org/gulp/-/gulp-3.9.0.tgz
39 silly fetchAndShaCheck shasum cf1fba4cb558bb8c6ae6c9613f583ae2620d214a
40 verbose addTmpTarball /tmp/npm-3085-c2066881/registry.npmjs.org/gulp/-/gulp-3.9.0.tgz not in flight; adding
41 verbose addTmpTarball already have metadata; skipping unpack for gulp@3.9.0
42 silly cache afterAdd gulp@3.9.0
43 verbose afterAdd /home/vagrant/.npm/gulp/3.9.0/package/package.json not in flight; writing
44 verbose afterAdd /home/vagrant/.npm/gulp/3.9.0/package/package.json written
45 silly install resolved [ { name: 'gulp',
45 silly install resolved     description: 'The streaming build system',
45 silly install resolved     version: '3.9.0',
45 silly install resolved     homepage: 'http://gulpjs.com',
45 silly install resolved     repository: { type: 'git', url: 'git+https://github.com/gulpjs/gulp.git' },
45 silly install resolved     author:
45 silly install resolved      { name: 'Fractal',
45 silly install resolved        email: 'contact@wearefractal.com',
45 silly install resolved        url: 'http://wearefractal.com/' },
45 silly install resolved     tags: [ 'build', 'stream', 'system', 'make', 'tool', 'asset', 'pipeline' ],
45 silly install resolved     files: [ 'index.js', 'lib', 'bin', 'completion' ],
45 silly install resolved     bin: { gulp: './bin/gulp.js' },
45 silly install resolved     man: [ 'gulp.1' ],
45 silly install resolved     dependencies:
45 silly install resolved      { archy: '^1.0.0',
45 silly install resolved        chalk: '^1.0.0',
45 silly install resolved        deprecated: '^0.0.1',
45 silly install resolved        'gulp-util': '^3.0.0',
45 silly install resolved        interpret: '^0.6.2',
45 silly install resolved        liftoff: '^2.1.0',
45 silly install resolved        minimist: '^1.1.0',
45 silly install resolved        orchestrator: '^0.3.0',
45 silly install resolved        'pretty-hrtime': '^1.0.0',
45 silly install resolved        semver: '^4.1.0',
45 silly install resolved        tildify: '^1.0.0',
45 silly install resolved        v8flags: '^2.0.2',
45 silly install resolved        'vinyl-fs': '^0.3.0' },
45 silly install resolved     devDependencies:
45 silly install resolved      { coveralls: '^2.7.0',
45 silly install resolved        'graceful-fs': '^3.0.0',
45 silly install resolved        istanbul: '^0.3.0',
45 silly install resolved        jscs: '~1.12.0',
45 silly install resolved        jshint: '^2.5.0',
45 silly install resolved        'jshint-stylish': '^1.0.0',
45 silly install resolved        'marked-man': '^0.1.3',
45 silly install resolved        mkdirp: '^0.5.0',
45 silly install resolved        mocha: '^2.0.1',
45 silly install resolved        'mocha-lcov-reporter': '^0.0.1',
45 silly install resolved        q: '^1.0.0',
45 silly install resolved        rimraf: '^2.2.5',
45 silly install resolved        should: '^5.0.1' },
45 silly install resolved     scripts:
45 silly install resolved      { prepublish: 'marked-man --name gulp docs/CLI.md > gulp.1',
45 silly install resolved        lint: 'jshint lib bin test index.js --reporter node_modules/jshint-stylish/stylish.js --exclude node_modules && jscs lib bin test index.js',
45 silly install resolved        test: 'npm run-script lint && mocha --reporter spec',
45 silly install resolved        coveralls: 'istanbul cover _mocha --report lcovonly -- -R spec && cat ./coverage/lcov.info | coveralls && rm -rf ./coverage' },
45 silly install resolved     engines: { node: '>= 0.9' },
45 silly install resolved     license: 'MIT',
45 silly install resolved     gitHead: '657213a52d5e9c19b85df6a42f76341a98c08ae8',
45 silly install resolved     bugs: { url: 'https://github.com/gulpjs/gulp/issues' },
45 silly install resolved     _id: 'gulp@3.9.0',
45 silly install resolved     _shasum: 'cf1fba4cb558bb8c6ae6c9613f583ae2620d214a',
45 silly install resolved     _from: 'gulp@*',
45 silly install resolved     _npmVersion: '2.8.3',
45 silly install resolved     _nodeVersion: '0.10.36',
45 silly install resolved     _npmUser: { name: 'phated', email: 'blaine@iceddev.com' },
45 silly install resolved     maintainers: [ [Object], [Object] ],
45 silly install resolved     dist:
45 silly install resolved      { shasum: 'cf1fba4cb558bb8c6ae6c9613f583ae2620d214a',
45 silly install resolved        tarball: 'http://registry.npmjs.org/gulp/-/gulp-3.9.0.tgz' },
45 silly install resolved     directories: {},
45 silly install resolved     _resolved: 'https://registry.npmjs.org/gulp/-/gulp-3.9.0.tgz' } ]
46 info install gulp@3.9.0 into /usr/local/lib
47 info installOne gulp@3.9.0
48 verbose installOne of gulp to /usr/local/lib not in flight; installing
49 verbose lock using /home/vagrant/.npm/_locks/gulp-709d00e5d169ceb3.lock for /usr/local/lib/node_modules/gulp
50 silly install write writing gulp 3.9.0 to /usr/local/lib/node_modules/gulp
51 verbose unbuild lib/node_modules/gulp
52 silly gentlyRm /usr/local/lib/node_modules/gulp is being purged from base /usr/local
53 verbose gentlyRm don't care about contents; nuking /usr/local/lib/node_modules/gulp
54 verbose tar unpack /home/vagrant/.npm/gulp/3.9.0/package.tgz
55 verbose tar unpacking to /usr/local/lib/node_modules/gulp
56 silly gentlyRm /usr/local/lib/node_modules/gulp is being purged
57 verbose gentlyRm don't care about contents; nuking /usr/local/lib/node_modules/gulp
58 silly gunzTarPerm modes [ '775', '664' ]
59 error tar.unpack untar error /home/vagrant/.npm/gulp/3.9.0/package.tgz
60 verbose unlock done using /home/vagrant/.npm/_locks/gulp-709d00e5d169ceb3.lock for /usr/local/lib/node_modules/gulp
61 verbose fstream_path /usr/local/lib/node_modules/gulp
62 verbose fstream_type Directory
63 verbose fstream_class DirWriter
64 verbose stack Error: EACCES, mkdir '/usr/local/lib/node_modules/gulp'
64 verbose stack     at Error (native)
65 verbose fstream_stack /usr/local/lib/node_modules/npm/node_modules/fstream/lib/dir-writer.js:35:25
65 verbose fstream_stack /usr/local/lib/node_modules/npm/node_modules/mkdirp/index.js:47:53
65 verbose fstream_stack FSReqWrap.oncomplete (fs.js:95:15)
66 verbose cwd /vagrant/mobi-support-guide
67 error Linux 2.6.32-358.el6.x86_64
68 error argv "/usr/local/bin/node" "/usr/local/bin/npm" "install" "-g" "gulp"
69 error node v0.12.7
70 error npm  v2.11.3
71 error path /usr/local/lib/node_modules/gulp
72 error code EACCES
73 error errno -13
74 error Error: EACCES, mkdir '/usr/local/lib/node_modules/gulp'
74 error     at Error (native)
74 error  { [Error: EACCES, mkdir '/usr/local/lib/node_modules/gulp']
74 error   errno: -13,
74 error   code: 'EACCES',
74 error   path: '/usr/local/lib/node_modules/gulp',
74 error   fstream_type: 'Directory',
74 error   fstream_path: '/usr/local/lib/node_modules/gulp',
74 error   fstream_class: 'DirWriter',
74 error   fstream_stack:
74 error    [ '/usr/local/lib/node_modules/npm/node_modules/fstream/lib/dir-writer.js:35:25',
74 error      '/usr/local/lib/node_modules/npm/node_modules/mkdirp/index.js:47:53',
74 error      'FSReqWrap.oncomplete (fs.js:95:15)' ] }
75 error Please try running this command again as root/Administrator.
76 verbose exit [ -13, true ]
77 verbose unbuild lib/node_modules/gulp
78 silly gentlyRm /usr/local/lib/node_modules/gulp is being purged from base /usr/local
79 verbose gentlyRm don't care about contents; nuking /usr/local/lib/node_modules/gulp
